
> k_govermentproj@1.0.0 build
> prisma generate && next build

Loaded Prisma config from prisma.config.ts.

Prisma schema loaded from prisma\schema.prisma.
â”Œâ”€â”€â”€â”€â”€â”€â”€â”€â”€â”€â”€â”€â”€â”€â”€â”€â”€â”€â”€â”€â”€â”€â”€â”€â”€â”€â”€â”€â”€â”€â”€â”€â”€â”€â”€â”€â”€â”€â”€â”€â”€â”€â”€â”€â”€â”€â”€â”€â”€â”€â”€â”€â”€â”€â”€â”€â”€â”
â”‚  Update available 7.3.0 -> 7.4.0                        â”‚
â”‚  Run the following to update                            â”‚
â”‚    npm i --save-dev prisma@latest                       â”‚
â”‚    npm i @prisma/client@latest                          â”‚
â””â”€â”€â”€â”€â”€â”€â”€â”€â”€â”€â”€â”€â”€â”€â”€â”€â”€â”€â”€â”€â”€â”€â”€â”€â”€â”€â”€â”€â”€â”€â”€â”€â”€â”€â”€â”€â”€â”€â”€â”€â”€â”€â”€â”€â”€â”€â”€â”€â”€â”€â”€â”€â”€â”€â”€â”€â”€â”˜

âœ” Generated Prisma Client (v7.3.0) to .\node_modules\@prisma\client in 76ms

Start by importing your Prisma Client (See: https://pris.ly/d/importing-client)


â–² Next.js 16.1.6 (Turbopack)
- Environments: .env
- Experiments (use with caution):
  Â· serverActions

  Creating an optimized production build ...
âœ“ Compiled successfully in 4.1s
  Running TypeScript ...
Failed to compile.

./src/components/CompanyForm.tsx:52:10
Type error: 'touched' is declared but its value is never read.

[0m [90m 50 |[39m
 [90m 51 |[39m   [36mconst[39m [errors[33m,[39m setErrors] [33m=[39m useState[33m<[39m[33mRecord[39m[33m<[39m[33mstring[39m[33m,[39m string[33m>>[39m({})[33m;[39m
[31m[1m>[22m[39m[90m 52 |[39m   [36mconst[39m [touched[33m,[39m setTouched] [33m=[39m useState[33m<[39m[33mRecord[39m[33m<[39m[33mstring[39m[33m,[39m boolean[33m>>[39m({})[33m;[39m
 [90m    |[39m          [31m[1m^[22m[39m
 [90m 53 |[39m
 [90m 54 |[39m   useEffect(() [33m=>[39m {
 [90m 55 |[39m     loadCompanyData()[33m;[39m[0m
Next.js build worker exited with code: 1 and signal: null
